Pig Stack Trace
---------------
ERROR 2017: Internal error creating job configuration.

org.apache.pig.backend.hadoop.executionengine.JobCreationException: ERROR 2017: Internal error creating job configuration.
	at org.apache.pig.backend.hadoop.executionengine.mapReduceLayer.JobControlCompiler.getJob(JobControlCompiler.java:1010)
	at org.apache.pig.backend.hadoop.executionengine.mapReduceLayer.JobControlCompiler.compile(JobControlCompiler.java:323)
	at org.apache.pig.backend.hadoop.executionengine.mapReduceLayer.MapReduceLauncher.launchPig(MapReduceLauncher.java:196)
	at org.apache.pig.backend.hadoop.executionengine.HExecutionEngine.launchPig(HExecutionEngine.java:304)
	at org.apache.pig.PigServer.launchPlan(PigServer.java:1390)
	at org.apache.pig.PigServer.executeCompiledLogicalPlan(PigServer.java:1375)
	at org.apache.pig.PigServer.execute(PigServer.java:1364)
	at org.apache.pig.PigServer.executeBatch(PigServer.java:415)
	at org.apache.pig.PigServer.executeBatch(PigServer.java:398)
	at org.apache.pig.tools.grunt.GruntParser.executeBatch(GruntParser.java:171)
	at org.apache.pig.tools.grunt.GruntParser.parseStopOnError(GruntParser.java:234)
	at org.apache.pig.tools.grunt.GruntParser.parseStopOnError(GruntParser.java:205)
	at org.apache.pig.tools.grunt.Grunt.exec(Grunt.java:81)
	at org.apache.pig.Main.run(Main.java:631)
	at org.apache.pig.Main.main(Main.java:177)
	at sun.reflect.NativeMethodAccessorImpl.invoke0(Native Method)
	at sun.reflect.NativeMethodAccessorImpl.invoke(NativeMethodAccessorImpl.java:62)
	at sun.reflect.DelegatingMethodAccessorImpl.invoke(DelegatingMethodAccessorImpl.java:43)
	at java.lang.reflect.Method.invoke(Method.java:498)
	at org.apache.hadoop.util.RunJar.run(RunJar.java:221)
	at org.apache.hadoop.util.RunJar.main(RunJar.java:136)
Caused by: org.apache.pig.backend.datastorage.DataStorageException: ERROR 0: org.apache.hadoop.ipc.RemoteException(org.apache.hadoop.hdfs.server.namenode.SafeModeException): Cannot create directory /tmp/temp2077700678. Name node is in safe mode.
The reported blocks 110 has reached the threshold 0.9990 of total blocks 110. The number of live datanodes 1 has reached the minimum number 0. In safe mode extension. Safe mode will be turned off automatically in 8 seconds.
	at org.apache.hadoop.hdfs.server.namenode.FSNamesystem.checkNameNodeSafeMode(FSNamesystem.java:1327)
	at org.apache.hadoop.hdfs.server.namenode.FSNamesystem.mkdirs(FSNamesystem.java:3899)
	at org.apache.hadoop.hdfs.server.namenode.NameNodeRpcServer.mkdirs(NameNodeRpcServer.java:978)
	at org.apache.hadoop.hdfs.protocolPB.ClientNamenodeProtocolServerSideTranslatorPB.mkdirs(ClientNamenodeProtocolServerSideTranslatorPB.java:622)
	at org.apache.hadoop.hdfs.protocol.proto.ClientNamenodeProtocolProtos$ClientNamenodeProtocol$2.callBlockingMethod(ClientNamenodeProtocolProtos.java)
	at org.apache.hadoop.ipc.ProtobufRpcEngine$Server$ProtoBufRpcInvoker.call(ProtobufRpcEngine.java:616)
	at org.apache.hadoop.ipc.RPC$Server.call(RPC.java:969)
	at org.apache.hadoop.ipc.Server$Handler$1.run(Server.java:2049)
	at org.apache.hadoop.ipc.Server$Handler$1.run(Server.java:2045)
	at java.security.AccessController.doPrivileged(Native Method)
	at javax.security.auth.Subject.doAs(Subject.java:422)
	at org.apache.hadoop.security.UserGroupInformation.doAs(UserGroupInformation.java:1657)
	at org.apache.hadoop.ipc.Server$Handler.run(Server.java:2043)

	at org.apache.pig.impl.io.FileLocalizer.getTempContainer(FileLocalizer.java:510)
	at org.apache.pig.impl.io.FileLocalizer.relativeRoot(FileLocalizer.java:467)
	at org.apache.pig.impl.io.FileLocalizer.getTemporaryPath(FileLocalizer.java:549)
	at org.apache.pig.impl.io.FileLocalizer.getTemporaryPath(FileLocalizer.java:545)
	at org.apache.pig.backend.hadoop.executionengine.mapReduceLayer.JobControlCompiler.shipToHDFS(JobControlCompiler.java:1792)
	at org.apache.pig.backend.hadoop.executionengine.mapReduceLayer.JobControlCompiler.putJarOnClassPathThroughDistributedCache(JobControlCompiler.java:1680)
	at org.apache.pig.backend.hadoop.executionengine.mapReduceLayer.JobControlCompiler.getJob(JobControlCompiler.java:648)
	... 20 more
Caused by: org.apache.hadoop.ipc.RemoteException(org.apache.hadoop.hdfs.server.namenode.SafeModeException): Cannot create directory /tmp/temp2077700678. Name node is in safe mode.
The reported blocks 110 has reached the threshold 0.9990 of total blocks 110. The number of live datanodes 1 has reached the minimum number 0. In safe mode extension. Safe mode will be turned off automatically in 8 seconds.
	at org.apache.hadoop.hdfs.server.namenode.FSNamesystem.checkNameNodeSafeMode(FSNamesystem.java:1327)
	at org.apache.hadoop.hdfs.server.namenode.FSNamesystem.mkdirs(FSNamesystem.java:3899)
	at org.apache.hadoop.hdfs.server.namenode.NameNodeRpcServer.mkdirs(NameNodeRpcServer.java:978)
	at org.apache.hadoop.hdfs.protocolPB.ClientNamenodeProtocolServerSideTranslatorPB.mkdirs(ClientNamenodeProtocolServerSideTranslatorPB.java:622)
	at org.apache.hadoop.hdfs.protocol.proto.ClientNamenodeProtocolProtos$ClientNamenodeProtocol$2.callBlockingMethod(ClientNamenodeProtocolProtos.java)
	at org.apache.hadoop.ipc.ProtobufRpcEngine$Server$ProtoBufRpcInvoker.call(ProtobufRpcEngine.java:616)
	at org.apache.hadoop.ipc.RPC$Server.call(RPC.java:969)
	at org.apache.hadoop.ipc.Server$Handler$1.run(Server.java:2049)
	at org.apache.hadoop.ipc.Server$Handler$1.run(Server.java:2045)
	at java.security.AccessController.doPrivileged(Native Method)
	at javax.security.auth.Subject.doAs(Subject.java:422)
	at org.apache.hadoop.security.UserGroupInformation.doAs(UserGroupInformation.java:1657)
	at org.apache.hadoop.ipc.Server$Handler.run(Server.java:2043)

	at org.apache.hadoop.ipc.Client.call(Client.java:1476)
	at org.apache.hadoop.ipc.Client.call(Client.java:1407)
	at org.apache.hadoop.ipc.ProtobufRpcEngine$Invoker.invoke(ProtobufRpcEngine.java:229)
	at com.sun.proxy.$Proxy11.mkdirs(Unknown Source)
	at org.apache.hadoop.hdfs.protocolPB.ClientNamenodeProtocolTranslatorPB.mkdirs(ClientNamenodeProtocolTranslatorPB.java:558)
	at sun.reflect.NativeMethodAccessorImpl.invoke0(Native Method)
	at sun.reflect.NativeMethodAccessorImpl.invoke(NativeMethodAccessorImpl.java:62)
	at sun.reflect.DelegatingMethodAccessorImpl.invoke(DelegatingMethodAccessorImpl.java:43)
	at java.lang.reflect.Method.invoke(Method.java:498)
	at org.apache.hadoop.io.retry.RetryInvocationHandler.invokeMethod(RetryInvocationHandler.java:187)
	at org.apache.hadoop.io.retry.RetryInvocationHandler.invoke(RetryInvocationHandler.java:102)
	at com.sun.proxy.$Proxy12.mkdirs(Unknown Source)
	at org.apache.hadoop.hdfs.DFSClient.primitiveMkdir(DFSClient.java:3008)
	at org.apache.hadoop.hdfs.DFSClient.mkdirs(DFSClient.java:2978)
	at org.apache.hadoop.hdfs.DistributedFileSystem$21.doCall(DistributedFileSystem.java:1047)
	at org.apache.hadoop.hdfs.DistributedFileSystem$21.doCall(DistributedFileSystem.java:1043)
	at org.apache.hadoop.fs.FileSystemLinkResolver.resolve(FileSystemLinkResolver.java:81)
	at org.apache.hadoop.hdfs.DistributedFileSystem.mkdirsInternal(DistributedFileSystem.java:1043)
	at org.apache.hadoop.hdfs.DistributedFileSystem.mkdirs(DistributedFileSystem.java:1036)
	at org.apache.hadoop.fs.FileSystem.mkdirs(FileSystem.java:1877)
	at org.apache.pig.backend.hadoop.datastorage.HDirectory.create(HDirectory.java:63)
	at org.apache.pig.backend.hadoop.datastorage.HPath.create(HPath.java:164)
	at org.apache.pig.impl.io.FileLocalizer.createContainer(FileLocalizer.java:517)
	at org.apache.pig.impl.io.FileLocalizer.getTempContainer(FileLocalizer.java:507)
	... 26 more
================================================================================
