2016-12-06 14:17:36,592 [myid:] - INFO  [main:QuorumPeerConfig@103] - Reading configuration from: /home/mpcs53013/zookeeper-3.4.6/conf/zoo.cfg
2016-12-06 14:17:36,619 [myid:] - INFO  [main:DatadirCleanupManager@78] - autopurge.snapRetainCount set to 3
2016-12-06 14:17:36,619 [myid:] - INFO  [main:DatadirCleanupManager@79] - autopurge.purgeInterval set to 0
2016-12-06 14:17:36,621 [myid:] - INFO  [main:DatadirCleanupManager@101] - Purge task is not scheduled.
2016-12-06 14:17:36,629 [myid:] - WARN  [main:QuorumPeerMain@113] - Either no config or no quorum defined in config, running  in standalone mode
2016-12-06 14:17:36,749 [myid:] - INFO  [main:QuorumPeerConfig@103] - Reading configuration from: /home/mpcs53013/zookeeper-3.4.6/conf/zoo.cfg
2016-12-06 14:17:36,761 [myid:] - INFO  [main:ZooKeeperServerMain@95] - Starting server
2016-12-06 14:17:36,848 [myid:] - INFO  [main:Environment@100] - Server environment:zookeeper.version=3.4.6-1569965, built on 02/20/2014 09:09 GMT
2016-12-06 14:17:36,848 [myid:] - INFO  [main:Environment@100] - Server environment:host.name=mpcs53013-VirtualBox
2016-12-06 14:17:36,848 [myid:] - INFO  [main:Environment@100] - Server environment:java.version=1.8.0_111
2016-12-06 14:17:36,848 [myid:] - INFO  [main:Environment@100] - Server environment:java.vendor=Oracle Corporation
2016-12-06 14:17:36,848 [myid:] - INFO  [main:Environment@100] - Server environment:java.home=/usr/lib/jvm/java-8-openjdk-amd64/jre
2016-12-06 14:17:36,848 [myid:] - INFO  [main:Environment@100] - Server environment:java.class.path=/home/mpcs53013/zookeeper-3.4.6/bin/../build/classes:/home/mpcs53013/zookeeper-3.4.6/bin/../build/lib/*.jar:/home/mpcs53013/zookeeper-3.4.6/bin/../lib/slf4j-log4j12-1.6.1.jar:/home/mpcs53013/zookeeper-3.4.6/bin/../lib/slf4j-api-1.6.1.jar:/home/mpcs53013/zookeeper-3.4.6/bin/../lib/netty-3.7.0.Final.jar:/home/mpcs53013/zookeeper-3.4.6/bin/../lib/log4j-1.2.16.jar:/home/mpcs53013/zookeeper-3.4.6/bin/../lib/jline-0.9.94.jar:/home/mpcs53013/zookeeper-3.4.6/bin/../zookeeper-3.4.6.jar:/home/mpcs53013/zookeeper-3.4.6/bin/../src/java/lib/*.jar:/home/mpcs53013/zookeeper-3.4.6/bin/../conf:
2016-12-06 14:17:36,848 [myid:] - INFO  [main:Environment@100] - Server environment:java.library.path=/usr/java/packages/lib/amd64:/usr/lib/x86_64-linux-gnu/jni:/lib/x86_64-linux-gnu:/usr/lib/x86_64-linux-gnu:/usr/lib/jni:/lib:/usr/lib
2016-12-06 14:17:36,849 [myid:] - INFO  [main:Environment@100] - Server environment:java.io.tmpdir=/tmp
2016-12-06 14:17:36,849 [myid:] - INFO  [main:Environment@100] - Server environment:java.compiler=<NA>
2016-12-06 14:17:36,865 [myid:] - INFO  [main:Environment@100] - Server environment:os.name=Linux
2016-12-06 14:17:36,865 [myid:] - INFO  [main:Environment@100] - Server environment:os.arch=amd64
2016-12-06 14:17:36,868 [myid:] - INFO  [main:Environment@100] - Server environment:os.version=4.4.0-53-generic
2016-12-06 14:17:36,869 [myid:] - INFO  [main:Environment@100] - Server environment:user.name=mpcs53013
2016-12-06 14:17:36,869 [myid:] - INFO  [main:Environment@100] - Server environment:user.home=/home/mpcs53013
2016-12-06 14:17:36,869 [myid:] - INFO  [main:Environment@100] - Server environment:user.dir=/home/mpcs53013/workspace/FinalProject/Serving
2016-12-06 14:17:36,916 [myid:] - INFO  [main:ZooKeeperServer@755] - tickTime set to 2000
2016-12-06 14:17:36,917 [myid:] - INFO  [main:ZooKeeperServer@764] - minSessionTimeout set to -1
2016-12-06 14:17:36,917 [myid:] - INFO  [main:ZooKeeperServer@773] - maxSessionTimeout set to -1
2016-12-06 14:17:36,981 [myid:] - INFO  [main:NIOServerCnxnFactory@94] - binding to port 0.0.0.0/0.0.0.0:2181
2016-12-06 14:17:36,983 [myid:] - ERROR [main:ZooKeeperServerMain@63] - Unexpected exception, exiting abnormally
java.net.BindException: Address already in use
	at sun.nio.ch.Net.bind0(Native Method)
	at sun.nio.ch.Net.bind(Net.java:433)
	at sun.nio.ch.Net.bind(Net.java:425)
	at sun.nio.ch.ServerSocketChannelImpl.bind(ServerSocketChannelImpl.java:223)
	at sun.nio.ch.ServerSocketAdaptor.bind(ServerSocketAdaptor.java:74)
	at sun.nio.ch.ServerSocketAdaptor.bind(ServerSocketAdaptor.java:67)
	at org.apache.zookeeper.server.NIOServerCnxnFactory.configure(NIOServerCnxnFactory.java:95)
	at org.apache.zookeeper.server.ZooKeeperServerMain.runFromConfig(ZooKeeperServerMain.java:111)
	at org.apache.zookeeper.server.ZooKeeperServerMain.initializeAndRun(ZooKeeperServerMain.java:86)
	at org.apache.zookeeper.server.ZooKeeperServerMain.main(ZooKeeperServerMain.java:52)
	at org.apache.zookeeper.server.quorum.QuorumPeerMain.initializeAndRun(QuorumPeerMain.java:116)
	at org.apache.zookeeper.server.quorum.QuorumPeerMain.main(QuorumPeerMain.java:78)
